<?xml version="1.0" encoding="utf-8"?><testsuites name="pytest tests"><testsuite name="pytest" errors="0" failures="0" skipped="0" tests="43" time="64.075" timestamp="2026-08-31T16:43:20.605354+00:00" hostname="agent-env-62dd2dc3-ae37-4750-bd57-a70e20c86094"><testcase classname="tests.backend_test.TestAuth" name="test_register_returns_user_role_and_cookie" time="0.669" /><testcase classname="tests.backend_test.TestAdmin" name="test_stats" time="0.727" /><testcase classname="tests.backend_test.TestAuth" name="test_register_duplicate_email" time="0.503" /><testcase classname="tests.backend_test.TestAdmin" name="test_tables" time="0.072" /><testcase classname="tests.backend_test.TestAdmin" name="test_table_rows_no_password_leak" time="0.069" /><testcase classname="tests.backend_test.TestAdmin" name="test_unknown_table" time="0.238" /><testcase classname="tests.backend_test.TestAdmin" name="test_seeded_skills_present" time="0.071" /><testcase classname="tests.backend_test.TestAuth" name="test_register_short_password" time="0.239" /><testcase classname="tests.backend_test.TestAdmin" name="test_skill_crud" time="0.446" /><testcase classname="tests.backend_test.TestAuth" name="test_register_invalid_email" time="0.214" /><testcase classname="tests.backend_test.TestAdmin" name="test_update_nonexistent_skill" time="0.073" /><testcase classname="tests.backend_test.TestAuth" name="test_login_and_me" time="1.049" /><testcase classname="tests.backend_test.TestProjects" name="test_create_list_get_delete" time="2.607" /><testcase classname="tests.backend_test.TestAuth" name="test_login_wrong_password" time="0.955" /><testcase classname="tests.backend_test.TestAuth" name="test_login_unknown_email" time="0.169" /><testcase classname="tests.backend_test.TestAuth" name="test_me_unauthenticated" time="0.240" /><testcase classname="tests.backend_test.TestAuth" name="test_me_invalid_token" time="0.149" /><testcase classname="tests.backend_test.TestProjects" name="test_default_title" time="1.030" /><testcase classname="tests.backend_test.TestAuth" name="test_admin_login_role" time="0.673" /><testcase classname="tests.backend_test.TestAuth" name="test_logout_clears_cookie" time="0.554" /><testcase classname="tests.backend_test.TestProjects" name="test_projects_require_auth" time="0.373" /><testcase classname="tests.backend_test.TestAuth" name="test_bcrypt_hash_format" time="0.237" /><testcase classname="tests.backend_test.TestAuth" name="test_brute_force_lockout" time="2.857" /><testcase classname="tests.backend_test.TestProjects" name="test_nonexistent_project_404" time="0.698" /><testcase classname="tests.backend_test.TestRoleProtection" name="test_normal_user_forbidden_on_admin_endpoints" time="1.641" /><testcase classname="tests.backend_test.TestRoleProtection" name="test_unauthenticated_admin_endpoints" time="1.001" /><testcase classname="tests.backend_test.TestAdminAgentModels" name="test_get_agent_models" time="0.115" /><testcase classname="tests.backend_test.TestAdminAgentModels" name="test_put_agent_models_persists" time="0.347" /><testcase classname="tests.backend_test.TestAdminAgentModels" name="test_agent_models_admin_only" time="1.008" /><testcase classname="tests.backend_test.TestRoleProtection" name="test_user_cannot_mutate_skills" time="0.770" /><testcase classname="tests.backend_test.TestAdminIntegrations" name="test_get_settings" time="0.109" /><testcase classname="tests.backend_test.TestAdminIntegrations" name="test_put_settings_persists_and_restores" time="0.440" /><testcase classname="tests.backend_test.TestIsolation" name="test_user_b_cannot_access_user_a_project" time="3.144" /><testcase classname="tests.backend_test.TestAdminIntegrations" name="test_settings_admin_only" time="1.387" /><testcase classname="tests.backend_test.TestMessageFlow" name="test_clear_prompt_produces_plan" time="20.270" /><testcase classname="tests.backend_test.TestIsolation" name="test_admin_cannot_access_other_user_project_via_projects_api" time="0.985" /><testcase classname="tests.backend_test.TestQuestionFlow" name="test_vague_prompt_returns_mcq_then_answers_advance" time="38.000" /><testcase classname="tests.backend_test.TestMessageFlow" name="test_vague_prompt_asks_or_plans" time="17.424" /><testcase classname="tests.backend_test.TestHealth" name="test_root" time="0.167" /><testcase classname="tests.backend_test.TestClearPromptPlan" name="test_clear_todo_prompt_reaches_awaiting_approval" time="13.320" /><testcase classname="tests.backend_test.TestQuestionFlow" name="test_answers_endpoint_requires_ownership" time="1.690" /><testcase classname="tests.backend_test.TestSecretsNotLeaked" name="test_get_project_has_no_secrets_field" time="1.130" /><testcase classname="tests.backend_test.TestCompletedProjectFiles" name="test_test_expense_project_has_files_and_file_messages" time="0.262" /></testsuite></testsuites>